<?xml version="1.0" encoding="UTF-8"?>
<testng-results skipped="0" failed="0" ignored="0" total="1" passed="1">
  <reporter-output>
  </reporter-output>
  <suite name="Mobile testing" duration-ms="31195" started-at="2020-04-13T18:25:03 MST" finished-at="2020-04-13T18:25:35 MST">
    <groups>
    </groups>
    <test name="Functional Test" duration-ms="31195" started-at="2020-04-13T18:25:03 MST" finished-at="2020-04-13T18:25:35 MST">
      <class name="mobileAppTest.LoginTestCloud">
        <test-method status="PASS" signature="loginTestCloud()[pri:0, instance:mobileAppTest.LoginTestCloud@589838eb]" name="loginTestCloud" duration-ms="31172" started-at="2020-04-13T18:25:03 MST" finished-at="2020-04-13T18:25:35 MST">
          <reporter-output>
          </reporter-output>
        </test-method> <!-- loginTestCloud -->
      </class> <!-- mobileAppTest.LoginTestCloud -->
    </test> <!-- Functional Test -->
  </suite> <!-- Mobile testing -->
</testng-results>
