<?xml version="1.0" encoding="UTF-8"?>
<testng-results skipped="0" failed="0" ignored="0" total="1" passed="1">
  <reporter-output>
  </reporter-output>
  <suite name="Mobile testing" duration-ms="26" started-at="2020-04-13T21:33:15 MST" finished-at="2020-04-13T21:33:15 MST">
    <groups>
    </groups>
    <test name="Functional Test" duration-ms="26" started-at="2020-04-13T21:33:15 MST" finished-at="2020-04-13T21:33:15 MST">
      <class name="mobileAppTest.CheckJenkins">
        <test-method status="PASS" signature="jenkinsTest()[pri:0, instance:mobileAppTest.CheckJenkins@14bf9759]" name="jenkinsTest" duration-ms="5" started-at="2020-04-13T21:33:15 MST" finished-at="2020-04-13T21:33:15 MST">
          <reporter-output>
          </reporter-output>
        </test-method> <!-- jenkinsTest -->
      </class> <!-- mobileAppTest.CheckJenkins -->
    </test> <!-- Functional Test -->
  </suite> <!-- Mobile testing -->
</testng-results>
